/Users/hares/miniconda3/envs/ros_env/lib/python3.11/site-packages/setuptools/_distutils/dist.py:270: UserWarning: Unknown distribution option: 'tests_require'
  warnings.warn(msg)
running egg_info
writing ../../build/ros2_image_stream/ros2_image_stream.egg-info/PKG-INFO
writing dependency_links to ../../build/ros2_image_stream/ros2_image_stream.egg-info/dependency_links.txt
writing entry points to ../../build/ros2_image_stream/ros2_image_stream.egg-info/entry_points.txt
writing requirements to ../../build/ros2_image_stream/ros2_image_stream.egg-info/requires.txt
writing top-level names to ../../build/ros2_image_stream/ros2_image_stream.egg-info/top_level.txt
reading manifest file '../../build/ros2_image_stream/ros2_image_stream.egg-info/SOURCES.txt'
writing manifest file '../../build/ros2_image_stream/ros2_image_stream.egg-info/SOURCES.txt'
running build
running build_py
copying ros2_image_stream/__init__.py -> /Users/hares/Desktop/infor2025/robot/rospose/build/ros2_image_stream/build/lib/ros2_image_stream
copying ros2_image_stream/image_publisher.py -> /Users/hares/Desktop/infor2025/robot/rospose/build/ros2_image_stream/build/lib/ros2_image_stream
running install
running install_lib
copying /Users/hares/Desktop/infor2025/robot/rospose/build/ros2_image_stream/build/lib/ros2_image_stream/image_publisher.py -> /Users/hares/Desktop/infor2025/robot/rospose/install/ros2_image_stream/lib/python3.11/site-packages/ros2_image_stream
byte-compiling /Users/hares/Desktop/infor2025/robot/rospose/install/ros2_image_stream/lib/python3.11/site-packages/ros2_image_stream/image_publisher.py to image_publisher.cpython-311.pyc
running install_data
copying resource/ros2_image_stream -> /Users/hares/Desktop/infor2025/robot/rospose/install/ros2_image_stream/share/ament_index/resource_index/packages
copying package.xml -> /Users/hares/Desktop/infor2025/robot/rospose/install/ros2_image_stream/share/ros2_image_stream
running install_egg_info
removing '/Users/hares/Desktop/infor2025/robot/rospose/install/ros2_image_stream/lib/python3.11/site-packages/ros2_image_stream-0.0.1-py3.11.egg-info' (and everything under it)
Copying ../../build/ros2_image_stream/ros2_image_stream.egg-info to /Users/hares/Desktop/infor2025/robot/rospose/install/ros2_image_stream/lib/python3.11/site-packages/ros2_image_stream-0.0.1-py3.11.egg-info
running install_scripts
Installing image_publisher script to /Users/hares/Desktop/infor2025/robot/rospose/install/ros2_image_stream/lib/ros2_image_stream
writing list of installed files to '/Users/hares/Desktop/infor2025/robot/rospose/build/ros2_image_stream/install.log'
