[0.739s] Invoking command in '/Users/hares/Desktop/infor2025/robot/rospose/src/ros2_image_stream': CONDA_PROMPT_MODIFIER=(ros_env) PYTHONPATH=/Users/hares/Desktop/infor2025/robot/rospose/build/ros2_image_stream/prefix_override:/Users/hares/miniconda3/envs/ros_env/lib/python3.11/site-packages/colcon_core/task/python/colcon_distutils_commands:/Users/hares/Desktop/infor2025/robot/rospose/install/ros2_image_stream/lib/python3.11/site-packages:${PYTHONPATH} SHLVL=2 _=/Users/hares/miniconda3/envs/ros_env/bin/env /Users/hares/miniconda3/envs/ros_env/bin/python3.11 -W ignore:setup.py install is deprecated setup.py egg_info --egg-base ../../build/ros2_image_stream build --build-base /Users/hares/Desktop/infor2025/robot/rospose/build/ros2_image_stream/build install --record /Users/hares/Desktop/infor2025/robot/rospose/build/ros2_image_stream/install.log --single-version-externally-managed install_data
[0.889s] /Users/hares/miniconda3/envs/ros_env/lib/python3.11/site-packages/setuptools/_distutils/dist.py:270: UserWarning: Unknown distribution option: 'tests_require'
[0.889s]   warnings.warn(msg)
[0.972s] running egg_info
[0.985s] writing ../../build/ros2_image_stream/ros2_image_stream.egg-info/PKG-INFO
[0.985s] writing dependency_links to ../../build/ros2_image_stream/ros2_image_stream.egg-info/dependency_links.txt
[0.986s] writing entry points to ../../build/ros2_image_stream/ros2_image_stream.egg-info/entry_points.txt
[0.986s] writing requirements to ../../build/ros2_image_stream/ros2_image_stream.egg-info/requires.txt
[0.986s] writing top-level names to ../../build/ros2_image_stream/ros2_image_stream.egg-info/top_level.txt
[1.013s] reading manifest file '../../build/ros2_image_stream/ros2_image_stream.egg-info/SOURCES.txt'
[1.014s] writing manifest file '../../build/ros2_image_stream/ros2_image_stream.egg-info/SOURCES.txt'
[1.014s] running build
[1.014s] running build_py
[1.014s] copying ros2_image_stream/__init__.py -> /Users/hares/Desktop/infor2025/robot/rospose/build/ros2_image_stream/build/lib/ros2_image_stream
[1.014s] copying ros2_image_stream/image_publisher.py -> /Users/hares/Desktop/infor2025/robot/rospose/build/ros2_image_stream/build/lib/ros2_image_stream
[1.015s] running install
[1.021s] running install_lib
[1.034s] copying /Users/hares/Desktop/infor2025/robot/rospose/build/ros2_image_stream/build/lib/ros2_image_stream/image_publisher.py -> /Users/hares/Desktop/infor2025/robot/rospose/install/ros2_image_stream/lib/python3.11/site-packages/ros2_image_stream
[1.035s] byte-compiling /Users/hares/Desktop/infor2025/robot/rospose/install/ros2_image_stream/lib/python3.11/site-packages/ros2_image_stream/image_publisher.py to image_publisher.cpython-311.pyc
[1.035s] running install_data
[1.036s] copying resource/ros2_image_stream -> /Users/hares/Desktop/infor2025/robot/rospose/install/ros2_image_stream/share/ament_index/resource_index/packages
[1.036s] copying package.xml -> /Users/hares/Desktop/infor2025/robot/rospose/install/ros2_image_stream/share/ros2_image_stream
[1.036s] running install_egg_info
[1.051s] removing '/Users/hares/Desktop/infor2025/robot/rospose/install/ros2_image_stream/lib/python3.11/site-packages/ros2_image_stream-0.0.1-py3.11.egg-info' (and everything under it)
[1.052s] Copying ../../build/ros2_image_stream/ros2_image_stream.egg-info to /Users/hares/Desktop/infor2025/robot/rospose/install/ros2_image_stream/lib/python3.11/site-packages/ros2_image_stream-0.0.1-py3.11.egg-info
[1.055s] running install_scripts
[1.154s] Installing image_publisher script to /Users/hares/Desktop/infor2025/robot/rospose/install/ros2_image_stream/lib/ros2_image_stream
[1.155s] writing list of installed files to '/Users/hares/Desktop/infor2025/robot/rospose/build/ros2_image_stream/install.log'
[1.176s] Invoked command in '/Users/hares/Desktop/infor2025/robot/rospose/src/ros2_image_stream' returned '0': CONDA_PROMPT_MODIFIER=(ros_env) PYTHONPATH=/Users/hares/Desktop/infor2025/robot/rospose/build/ros2_image_stream/prefix_override:/Users/hares/miniconda3/envs/ros_env/lib/python3.11/site-packages/colcon_core/task/python/colcon_distutils_commands:/Users/hares/Desktop/infor2025/robot/rospose/install/ros2_image_stream/lib/python3.11/site-packages:${PYTHONPATH} SHLVL=2 _=/Users/hares/miniconda3/envs/ros_env/bin/env /Users/hares/miniconda3/envs/ros_env/bin/python3.11 -W ignore:setup.py install is deprecated setup.py egg_info --egg-base ../../build/ros2_image_stream build --build-base /Users/hares/Desktop/infor2025/robot/rospose/build/ros2_image_stream/build install --record /Users/hares/Desktop/infor2025/robot/rospose/build/ros2_image_stream/install.log --single-version-externally-managed install_data
